<?xml version="1.0" encoding="UTF-8"?>
<robot generator="Robot 6.0 (Python 3.10.8 on win32)" generated="20221129 17:16:56.190" rpa="false" schemaversion="3">
<suite id="s1" name="Tests" source="C:\Users\A1940408\OneDrive - C&amp;A Modas Ltda\Documentos\AutomationWebRobotMagazineLuiza\tests">
<suite id="s1-s1" name="Cadastrodecupom" source="C:\Users\A1940408\OneDrive - C&amp;A Modas Ltda\Documentos\AutomationWebRobotMagazineLuiza\tests\cadastrodecupom.robot">
<kw name="Nova sessão" library="kws_hooks" type="SETUP">
<kw name="Open Browser" library="SeleniumLibrary">
<arg>url=${URL}</arg>
<arg>browser=${BROWSER}</arg>
<arg>options=${CHROME_OPTIONS}</arg>
<doc>Opens a new browser instance to the optional ``url``.</doc>
<msg timestamp="20221129 17:16:57.109" level="INFO">Opening browser 'chrome' to base url 'https://www.magazineluiza.com.br'.</msg>
<status status="PASS" starttime="20221129 17:16:57.108" endtime="20221129 17:17:00.987"/>
</kw>
<status status="PASS" starttime="20221129 17:16:57.108" endtime="20221129 17:17:00.987"/>
</kw>
<test id="s1-s1-t1" name="Caso de Teste 02: Validar o cadastro de email para recebimento de cupom" line="10">
<kw name="Acesso o site da magazineluiza" library="kws_carrinho">
<doc>Responsavél por acessar o site da americanas</doc>
<kw name="Wait Until Element Is Visible" library="SeleniumLibrary">
<arg>${CampoDeBusca}</arg>
<doc>Waits until the element ``locator`` is visible.</doc>
<status status="PASS" starttime="20221129 17:17:00.989" endtime="20221129 17:17:01.068"/>
</kw>
<status status="PASS" starttime="20221129 17:17:00.989" endtime="20221129 17:17:01.068"/>
</kw>
<kw name="E Clico no campo seu nome" library="gherkin_ptbr" sourcename="E ${keyword}">
<kw name="Run Keyword" library="BuiltIn">
<arg>${keyword}</arg>
<doc>Executes the given keyword with the given arguments.</doc>
<kw name="Clico no campo seu nome" library="kws_cadastrarcupom">
<doc>Responsavél por clicar no campo seu nome</doc>
<kw name="Wait Until Element Is Visible" library="SeleniumLibrary">
<arg>${CampoSeuNome}</arg>
<doc>Waits until the element ``locator`` is visible.</doc>
<status status="PASS" starttime="20221129 17:17:01.076" endtime="20221129 17:17:01.105"/>
</kw>
<status status="PASS" starttime="20221129 17:17:01.076" endtime="20221129 17:17:01.105"/>
</kw>
<status status="PASS" starttime="20221129 17:17:01.069" endtime="20221129 17:17:01.105"/>
</kw>
<status status="PASS" starttime="20221129 17:17:01.069" endtime="20221129 17:17:01.105"/>
</kw>
<kw name="E Digito o nome" library="gherkin_ptbr" sourcename="E ${keyword}">
<kw name="Run Keyword" library="BuiltIn">
<arg>${keyword}</arg>
<doc>Executes the given keyword with the given arguments.</doc>
<kw name="Digito o nome" library="kws_cadastrarcupom">
<doc>Responsavél por digitar o nome</doc>
<kw name="Name" library="FakerLibrary">
<var>${NOMEFAKE}</var>
<doc>:example 'John Doe'</doc>
<msg timestamp="20221129 17:17:01.116" level="INFO">${NOMEFAKE} = Sonya Butler</msg>
<status status="PASS" starttime="20221129 17:17:01.115" endtime="20221129 17:17:01.116"/>
</kw>
<kw name="Input Text" library="SeleniumLibrary">
<arg>${CampoSeuNome}</arg>
<arg>${NOMEFAKE}</arg>
<doc>Types the given ``text`` into the text field identified by ``locator``.</doc>
<msg timestamp="20221129 17:17:01.117" level="INFO">Typing text 'Sonya Butler' into text field 'xpath=(//input[@value=''])[2]'.</msg>
<status status="PASS" starttime="20221129 17:17:01.116" endtime="20221129 17:17:01.273"/>
</kw>
<status status="PASS" starttime="20221129 17:17:01.115" endtime="20221129 17:17:01.274"/>
</kw>
<status status="PASS" starttime="20221129 17:17:01.106" endtime="20221129 17:17:01.274"/>
</kw>
<status status="PASS" starttime="20221129 17:17:01.106" endtime="20221129 17:17:01.274"/>
</kw>
<kw name="E Clico no campo Digite seu Email" library="gherkin_ptbr" sourcename="E ${keyword}">
<kw name="Run Keyword" library="BuiltIn">
<arg>${keyword}</arg>
<doc>Executes the given keyword with the given arguments.</doc>
<kw name="Clico no campo Digite seu Email" library="kws_cadastrarcupom">
<doc>Responsavél por clicar no campo Digite seu email</doc>
<kw name="Wait Until Element Is Visible" library="SeleniumLibrary">
<arg>${CampoSeuEmail}</arg>
<doc>Waits until the element ``locator`` is visible.</doc>
<status status="PASS" starttime="20221129 17:17:01.280" endtime="20221129 17:17:01.303"/>
</kw>
<status status="PASS" starttime="20221129 17:17:01.280" endtime="20221129 17:17:01.303"/>
</kw>
<status status="PASS" starttime="20221129 17:17:01.275" endtime="20221129 17:17:01.303"/>
</kw>
<status status="PASS" starttime="20221129 17:17:01.274" endtime="20221129 17:17:01.303"/>
</kw>
<kw name="Quando Digito o Email" library="gherkin_ptbr" sourcename="Quando ${keyword}">
<kw name="Run Keyword" library="BuiltIn">
<arg>${keyword}</arg>
<doc>Executes the given keyword with the given arguments.</doc>
<kw name="Digito o Email" library="kws_cadastrarcupom">
<doc>Responsavél por digitar o nome</doc>
<kw name="Input Text" library="SeleniumLibrary">
<arg>${CampoSeuEmail}</arg>
<arg>${Email}</arg>
<doc>Types the given ``text`` into the text field identified by ``locator``.</doc>
<msg timestamp="20221129 17:17:01.313" level="INFO">Typing text 'debora@gmail.com' into text field 'xpath=(//input[@value=''])[3]'.</msg>
<status status="PASS" starttime="20221129 17:17:01.313" endtime="20221129 17:17:01.491"/>
</kw>
<status status="PASS" starttime="20221129 17:17:01.310" endtime="20221129 17:17:01.491"/>
</kw>
<status status="PASS" starttime="20221129 17:17:01.304" endtime="20221129 17:17:01.491"/>
</kw>
<status status="PASS" starttime="20221129 17:17:01.304" endtime="20221129 17:17:01.491"/>
</kw>
<kw name="Então Visualizo o botão cadastrar" library="gherkin_ptbr" sourcename="Então ${keyword}">
<kw name="Run Keyword" library="BuiltIn">
<arg>${keyword}</arg>
<doc>Executes the given keyword with the given arguments.</doc>
<kw name="Visualizo o botão cadastrar" library="kws_cadastrarcupom">
<doc>Responsavél por clicar no botão cadastrar</doc>
<kw name="Wait Until Element Is Visible" library="SeleniumLibrary">
<arg>${BotaoCadastrar}</arg>
<doc>Waits until the element ``locator`` is visible.</doc>
<status status="PASS" starttime="20221129 17:17:01.497" endtime="20221129 17:17:01.519"/>
</kw>
<status status="PASS" starttime="20221129 17:17:01.497" endtime="20221129 17:17:01.519"/>
</kw>
<status status="PASS" starttime="20221129 17:17:01.492" endtime="20221129 17:17:01.519"/>
</kw>
<status status="PASS" starttime="20221129 17:17:01.492" endtime="20221129 17:17:01.519"/>
</kw>
<tag>CT02</tag>
<tag>Pagina Inicial</tag>
<status status="PASS" starttime="20221129 17:17:00.987" endtime="20221129 17:17:01.520"/>
</test>
<kw name="Fechar sessão" library="kws_hooks" type="TEARDOWN">
<kw name="Close Browser" library="SeleniumLibrary">
<doc>Closes the current browser.</doc>
<status status="PASS" starttime="20221129 17:17:01.521" endtime="20221129 17:17:03.840"/>
</kw>
<status status="PASS" starttime="20221129 17:17:01.521" endtime="20221129 17:17:03.840"/>
</kw>
<doc>Casos de teste para validar a busca de lojas</doc>
<status status="PASS" starttime="20221129 17:16:56.230" endtime="20221129 17:17:03.840"/>
</suite>
<suite id="s1-s2" name="Carrinho" source="C:\Users\A1940408\OneDrive - C&amp;A Modas Ltda\Documentos\AutomationWebRobotMagazineLuiza\tests\carrinho.robot">
<kw name="Nova sessão" library="kws_hooks" type="SETUP">
<kw name="Open Browser" library="SeleniumLibrary">
<arg>url=${URL}</arg>
<arg>browser=${BROWSER}</arg>
<arg>options=${CHROME_OPTIONS}</arg>
<doc>Opens a new browser instance to the optional ``url``.</doc>
<msg timestamp="20221129 17:17:03.861" level="INFO">Opening browser 'chrome' to base url 'https://www.magazineluiza.com.br'.</msg>
<status status="PASS" starttime="20221129 17:17:03.860" endtime="20221129 17:17:07.323"/>
</kw>
<status status="PASS" starttime="20221129 17:17:03.860" endtime="20221129 17:17:07.323"/>
</kw>
<test id="s1-s2-t1" name="Caso de Teste 01: Validar a adição de produto na sacola" line="10">
<kw name="Acesso o site da magazineluiza" library="kws_carrinho">
<doc>Responsavél por acessar o site da americanas</doc>
<kw name="Wait Until Element Is Visible" library="SeleniumLibrary">
<arg>${CampoDeBusca}</arg>
<doc>Waits until the element ``locator`` is visible.</doc>
<status status="PASS" starttime="20221129 17:17:07.326" endtime="20221129 17:17:07.387"/>
</kw>
<status status="PASS" starttime="20221129 17:17:07.326" endtime="20221129 17:17:07.387"/>
</kw>
<kw name="E Clico no campo de busca" library="gherkin_ptbr" sourcename="E ${keyword}">
<kw name="Run Keyword" library="BuiltIn">
<arg>${keyword}</arg>
<doc>Executes the given keyword with the given arguments.</doc>
<kw name="Clico no campo de busca" library="kws_carrinho">
<doc>Responsavél por clicar no campo busca</doc>
<kw name="Click Element" library="SeleniumLibrary">
<arg>${CampoDeBusca}</arg>
<doc>Click the element identified by ``locator``.</doc>
<msg timestamp="20221129 17:17:07.413" level="INFO">Clicking element 'id=input-search'.</msg>
<status status="PASS" starttime="20221129 17:17:07.410" endtime="20221129 17:17:07.646"/>
</kw>
<status status="PASS" starttime="20221129 17:17:07.408" endtime="20221129 17:17:07.646"/>
</kw>
<status status="PASS" starttime="20221129 17:17:07.400" endtime="20221129 17:17:07.646"/>
</kw>
<status status="PASS" starttime="20221129 17:17:07.399" endtime="20221129 17:17:07.646"/>
</kw>
<kw name="E Insiro o nome do produto" library="gherkin_ptbr" sourcename="E ${keyword}">
<kw name="Run Keyword" library="BuiltIn">
<arg>${keyword}</arg>
<doc>Executes the given keyword with the given arguments.</doc>
<kw name="Insiro o nome do produto" library="kws_carrinho">
<doc>Responsavél por inserir o nome do produto no campo de busca</doc>
<kw name="Input Text" library="SeleniumLibrary">
<arg>${CampoDeBusca}</arg>
<arg>${Produto1}</arg>
<doc>Types the given ``text`` into the text field identified by ``locator``.</doc>
<msg timestamp="20221129 17:17:07.657" level="INFO">Typing text 'Microondas' into text field 'id=input-search'.</msg>
<status status="PASS" starttime="20221129 17:17:07.656" endtime="20221129 17:17:08.384"/>
</kw>
<status status="PASS" starttime="20221129 17:17:07.655" endtime="20221129 17:17:08.384"/>
</kw>
<status status="PASS" starttime="20221129 17:17:07.648" endtime="20221129 17:17:08.384"/>
</kw>
<status status="PASS" starttime="20221129 17:17:07.647" endtime="20221129 17:17:08.384"/>
</kw>
<kw name="E Clico na lupa de pesquisa" library="gherkin_ptbr" sourcename="E ${keyword}">
<kw name="Run Keyword" library="BuiltIn">
<arg>${keyword}</arg>
<doc>Executes the given keyword with the given arguments.</doc>
<kw name="Clico na lupa de pesquisa" library="kws_carrinho">
<doc>Responsavél por clicar na lupa de pesquisa</doc>
<kw name="Wait Until Element Is Visible" library="SeleniumLibrary">
<arg>${IconeDeLupa}</arg>
<doc>Waits until the element ``locator`` is visible.</doc>
<status status="PASS" starttime="20221129 17:17:08.393" endtime="20221129 17:17:08.860"/>
</kw>
<kw name="Click Element" library="SeleniumLibrary">
<arg>${IconeDeLupa}</arg>
<doc>Click the element identified by ``locator``.</doc>
<msg timestamp="20221129 17:17:08.861" level="INFO">Clicking element 'css=.dQJKma'.</msg>
<status status="PASS" starttime="20221129 17:17:08.860" endtime="20221129 17:17:08.995"/>
</kw>
<status status="PASS" starttime="20221129 17:17:08.392" endtime="20221129 17:17:08.995"/>
</kw>
<status status="PASS" starttime="20221129 17:17:08.385" endtime="20221129 17:17:08.995"/>
</kw>
<status status="PASS" starttime="20221129 17:17:08.385" endtime="20221129 17:17:08.995"/>
</kw>
<kw name="E Escolho o produto selecionado" library="gherkin_ptbr" sourcename="E ${keyword}">
<kw name="Run Keyword" library="BuiltIn">
<arg>${keyword}</arg>
<doc>Executes the given keyword with the given arguments.</doc>
<kw name="Escolho o produto selecionado" library="kws_carrinho">
<doc>Responsavél por clicar no produto desejado</doc>
<kw name="Wait Until Element Is Visible" library="SeleniumLibrary">
<arg>${Produto}</arg>
<doc>Waits until the element ``locator`` is visible.</doc>
<status status="PASS" starttime="20221129 17:17:09.013" endtime="20221129 17:17:13.060"/>
</kw>
<kw name="Click Element" library="SeleniumLibrary">
<arg>${Produto}</arg>
<doc>Click the element identified by ``locator``.</doc>
<msg timestamp="20221129 17:17:13.061" level="INFO">Clicking element 'xpath=//div[@id='__next']/div/main/section[4]/div[3]/div/ul/li[2]/a/div[2]/img'.</msg>
<status status="PASS" starttime="20221129 17:17:13.060" endtime="20221129 17:17:13.321"/>
</kw>
<status status="PASS" starttime="20221129 17:17:09.012" endtime="20221129 17:17:13.322"/>
</kw>
<status status="PASS" starttime="20221129 17:17:08.995" endtime="20221129 17:17:13.322"/>
</kw>
<status status="PASS" starttime="20221129 17:17:08.995" endtime="20221129 17:17:13.322"/>
</kw>
<kw name="Quando Escolho a voltagem do produto" library="gherkin_ptbr" sourcename="Quando ${keyword}">
<kw name="Run Keyword" library="BuiltIn">
<arg>${keyword}</arg>
<doc>Executes the given keyword with the given arguments.</doc>
<kw name="Escolho a voltagem do produto" library="kws_carrinho">
<doc>Responsavél por escolher a voltagem do produto</doc>
<kw name="Run Keyword And Return Status" library="BuiltIn">
<var>${isThere}</var>
<arg>Wait Until Element Is Visible</arg>
<arg>${VoltagemProduto110v}</arg>
<arg>timeout=5</arg>
<arg>error=None</arg>
<doc>Runs the given keyword with given arguments and returns the status as a Boolean value.</doc>
<kw name="Wait Until Element Is Visible" library="SeleniumLibrary">
<arg>${VoltagemProduto110v}</arg>
<arg>timeout=5</arg>
<arg>error=None</arg>
<doc>Waits until the element ``locator`` is visible.</doc>
<status status="PASS" starttime="20221129 17:17:13.333" endtime="20221129 17:17:15.425"/>
</kw>
<msg timestamp="20221129 17:17:15.426" level="INFO">${isThere} = True</msg>
<status status="PASS" starttime="20221129 17:17:13.331" endtime="20221129 17:17:15.426"/>
</kw>
<if>
<branch type="IF" condition="${isThere}">
<kw name="Wait Until Element Is Visible" library="SeleniumLibrary">
<arg>${VoltagemProduto110v}</arg>
<doc>Waits until the element ``locator`` is visible.</doc>
<status status="PASS" starttime="20221129 17:17:15.426" endtime="20221129 17:17:15.476"/>
</kw>
<kw name="Click Element" library="SeleniumLibrary">
<arg>${VoltagemProduto110v}</arg>
<doc>Click the element identified by ``locator``.</doc>
<msg timestamp="20221129 17:17:15.477" level="INFO">Clicking element 'xpath=//label[contains(.,'110V')]'.</msg>
<status status="PASS" starttime="20221129 17:17:15.476" endtime="20221129 17:17:15.529"/>
</kw>
<status status="PASS" starttime="20221129 17:17:15.426" endtime="20221129 17:17:15.529"/>
</branch>
<status status="PASS" starttime="20221129 17:17:15.426" endtime="20221129 17:17:15.529"/>
</if>
<kw name="Wait Until Element Is Visible" library="SeleniumLibrary">
<arg>${VoltagemProduto220v}</arg>
<doc>Waits until the element ``locator`` is visible.</doc>
<status status="PASS" starttime="20221129 17:17:15.529" endtime="20221129 17:17:15.547"/>
</kw>
<kw name="Click Element" library="SeleniumLibrary">
<arg>${VoltagemProduto220v}</arg>
<doc>Click the element identified by ``locator``.</doc>
<msg timestamp="20221129 17:17:15.548" level="INFO">Clicking element 'xpath=//label[contains(.,'220V')]'.</msg>
<status status="PASS" starttime="20221129 17:17:15.547" endtime="20221129 17:17:15.585"/>
</kw>
<status status="PASS" starttime="20221129 17:17:13.329" endtime="20221129 17:17:15.585"/>
</kw>
<status status="PASS" starttime="20221129 17:17:13.323" endtime="20221129 17:17:15.585"/>
</kw>
<status status="PASS" starttime="20221129 17:17:13.322" endtime="20221129 17:17:15.585"/>
</kw>
<kw name="Então Visualizo o botão adicionar a sacola" library="gherkin_ptbr" sourcename="Então ${keyword}">
<kw name="Run Keyword" library="BuiltIn">
<arg>${keyword}</arg>
<doc>Executes the given keyword with the given arguments.</doc>
<kw name="Visualizo o botão adicionar a sacola" library="kws_carrinho">
<doc>Responsavél por adicionar o produto na sacola</doc>
<kw name="Wait Until Element Is Visible" library="SeleniumLibrary">
<arg>${AdicionarSacola}</arg>
<doc>Waits until the element ``locator`` is visible.</doc>
<status status="PASS" starttime="20221129 17:17:15.592" endtime="20221129 17:17:15.614"/>
</kw>
<status status="PASS" starttime="20221129 17:17:15.592" endtime="20221129 17:17:15.615"/>
</kw>
<status status="PASS" starttime="20221129 17:17:15.585" endtime="20221129 17:17:15.615"/>
</kw>
<status status="PASS" starttime="20221129 17:17:15.585" endtime="20221129 17:17:15.615"/>
</kw>
<tag>CT01</tag>
<tag>Pagina Inicial</tag>
<status status="PASS" starttime="20221129 17:17:07.324" endtime="20221129 17:17:15.615"/>
</test>
<kw name="Fechar sessão" library="kws_hooks" type="TEARDOWN">
<kw name="Close Browser" library="SeleniumLibrary">
<doc>Closes the current browser.</doc>
<status status="PASS" starttime="20221129 17:17:15.617" endtime="20221129 17:17:18.021"/>
</kw>
<status status="PASS" starttime="20221129 17:17:15.617" endtime="20221129 17:17:18.021"/>
</kw>
<doc>Casos de teste para validar a página inicial</doc>
<status status="PASS" starttime="20221129 17:17:03.843" endtime="20221129 17:17:18.021"/>
</suite>
<status status="PASS" starttime="20221129 17:16:56.206" endtime="20221129 17:17:18.023"/>
</suite>
<statistics>
<total>
<stat pass="2" fail="0" skip="0">All Tests</stat>
</total>
<tag>
<stat pass="1" fail="0" skip="0">CT01</stat>
<stat pass="1" fail="0" skip="0">CT02</stat>
<stat pass="2" fail="0" skip="0">Pagina Inicial</stat>
</tag>
<suite>
<stat pass="2" fail="0" skip="0" id="s1" name="Tests">Tests</stat>
<stat pass="1" fail="0" skip="0" id="s1-s1" name="Cadastrodecupom">Tests.Cadastrodecupom</stat>
<stat pass="1" fail="0" skip="0" id="s1-s2" name="Carrinho">Tests.Carrinho</stat>
</suite>
</statistics>
<errors>
</errors>
</robot>
