<?xml version="1.0" encoding="UTF-8"?>
<robot generator="Robot 6.0 (Python 3.10.8 on win32)" generated="20221124 12:49:56.720" rpa="false" schemaversion="3">
<suite id="s1" name="Tests" source="C:\Users\A1940408\OneDrive - C&amp;A Modas Ltda\Documentos\AutomationWebRobotMagazineLuiza\tests">
<suite id="s1-s1" name="Buscadelojas" source="C:\Users\A1940408\OneDrive - C&amp;A Modas Ltda\Documentos\AutomationWebRobotMagazineLuiza\tests\buscadelojas.robot">
<kw name="Nova sessão" library="kws_hooks" type="SETUP">
<kw name="Open Browser" library="SeleniumLibrary">
<arg>url=${URL}</arg>
<arg>browser=${BROWSER}</arg>
<arg>options=${CHROME_OPTIONS}</arg>
<doc>Opens a new browser instance to the optional ``url``.</doc>
<msg timestamp="20221124 12:49:56.964" level="INFO">Opening browser 'chrome' to base url 'https://www.magazineluiza.com.br'.</msg>
<status status="PASS" starttime="20221124 12:49:56.962" endtime="20221124 12:50:00.979"/>
</kw>
<status status="PASS" starttime="20221124 12:49:56.962" endtime="20221124 12:50:00.979"/>
</kw>
<test id="s1-s1-t1" name="Caso de Teste 02: Validar a busca de lojas em uma determinada região" line="10">
<kw name="Acesso o site da magazineluiza" library="kws_carrinho">
<doc>Responsavél por acessar o site da americanas</doc>
<kw name="Wait Until Element Is Visible" library="SeleniumLibrary">
<arg>${CampoDeBusca}</arg>
<doc>Waits until the element ``locator`` is visible.</doc>
<status status="PASS" starttime="20221124 12:50:00.981" endtime="20221124 12:50:01.028"/>
</kw>
<status status="PASS" starttime="20221124 12:50:00.981" endtime="20221124 12:50:01.029"/>
</kw>
<kw name="E Clico no botão Nossas lojas" library="gherkin_ptbr" sourcename="E ${keyword}">
<kw name="Run Keyword" library="BuiltIn">
<arg>${keyword}</arg>
<doc>Executes the given keyword with the given arguments.</doc>
<kw name="Clico no botão Nossas lojas" library="kws_nossaslojas">
<doc>Responsavél por clicar no botão nossas lojas</doc>
<kw name="Wait Until Element Is Visible" library="SeleniumLibrary">
<arg>${NossasLojas}</arg>
<doc>Waits until the element ``locator`` is visible.</doc>
<status status="PASS" starttime="20221124 12:50:01.035" endtime="20221124 12:50:01.097"/>
</kw>
<kw name="Click Element" library="SeleniumLibrary">
<arg>${NossasLojas}</arg>
<doc>Click the element identified by ``locator``.</doc>
<msg timestamp="20221124 12:50:01.098" level="INFO">Clicking element 'xpath=//a[contains(text(),'Nossas lojas')]'.</msg>
<status status="PASS" starttime="20221124 12:50:01.097" endtime="20221124 12:50:01.171"/>
</kw>
<status status="PASS" starttime="20221124 12:50:01.035" endtime="20221124 12:50:01.171"/>
</kw>
<status status="PASS" starttime="20221124 12:50:01.031" endtime="20221124 12:50:01.171"/>
</kw>
<status status="PASS" starttime="20221124 12:50:01.030" endtime="20221124 12:50:01.172"/>
</kw>
<kw name="E Clico no campo CEP" library="gherkin_ptbr" sourcename="E ${keyword}">
<kw name="Run Keyword" library="BuiltIn">
<arg>${keyword}</arg>
<doc>Executes the given keyword with the given arguments.</doc>
<kw name="Clico no campo CEP" library="kws_nossaslojas">
<doc>Responsavél por clicar no campo CEP</doc>
<kw name="Wait Until Element Is Visible" library="SeleniumLibrary">
<arg>${CampoCEP}</arg>
<doc>Waits until the element ``locator`` is visible.</doc>
<status status="PASS" starttime="20221124 12:50:01.176" endtime="20221124 12:50:06.062"/>
</kw>
<status status="PASS" starttime="20221124 12:50:01.176" endtime="20221124 12:50:06.062"/>
</kw>
<status status="PASS" starttime="20221124 12:50:01.172" endtime="20221124 12:50:06.062"/>
</kw>
<status status="PASS" starttime="20221124 12:50:01.172" endtime="20221124 12:50:06.062"/>
</kw>
<kw name="E Insiro o CEP da região" library="gherkin_ptbr" sourcename="E ${keyword}">
<kw name="Run Keyword" library="BuiltIn">
<arg>${keyword}</arg>
<doc>Executes the given keyword with the given arguments.</doc>
<kw name="Insiro o CEP da região" library="kws_nossaslojas">
<doc>Responsavél por Inserir o CEP da região</doc>
<kw name="Input Text" library="SeleniumLibrary">
<arg>${CampoCEP}</arg>
<arg>06656330</arg>
<doc>Types the given ``text`` into the text field identified by ``locator``.</doc>
<msg timestamp="20221124 12:50:06.068" level="INFO">Typing text '06656330' into text field 'xpath=//input[@type='text']'.</msg>
<status status="PASS" starttime="20221124 12:50:06.067" endtime="20221124 12:50:06.167"/>
</kw>
<status status="PASS" starttime="20221124 12:50:06.067" endtime="20221124 12:50:06.167"/>
</kw>
<status status="PASS" starttime="20221124 12:50:06.063" endtime="20221124 12:50:06.167"/>
</kw>
<status status="PASS" starttime="20221124 12:50:06.063" endtime="20221124 12:50:06.167"/>
</kw>
<kw name="Quando Clico no botao confirmar" library="gherkin_ptbr" sourcename="Quando ${keyword}">
<kw name="Run Keyword" library="BuiltIn">
<arg>${keyword}</arg>
<doc>Executes the given keyword with the given arguments.</doc>
<kw name="Clico no botao confirmar">
<msg timestamp="20221124 12:50:06.173" level="FAIL">No keyword with name 'Clico no botao confirmar' found.</msg>
<status status="FAIL" starttime="20221124 12:50:06.173" endtime="20221124 12:50:06.173"/>
</kw>
<status status="FAIL" starttime="20221124 12:50:06.168" endtime="20221124 12:50:06.173"/>
</kw>
<status status="FAIL" starttime="20221124 12:50:06.168" endtime="20221124 12:50:06.173"/>
</kw>
<kw name="Então Visualizo o endereço da loja" library="gherkin_ptbr" sourcename="Então ${keyword}">
<status status="NOT RUN" starttime="20221124 12:50:06.174" endtime="20221124 12:50:06.174"/>
</kw>
<tag>Pagina Inicial</tag>
<status status="FAIL" starttime="20221124 12:50:00.979" endtime="20221124 12:50:06.174">No keyword with name 'Clico no botao confirmar' found.</status>
</test>
<kw name="Fechar sessão" library="kws_hooks" type="TEARDOWN">
<kw name="Close Browser" library="SeleniumLibrary">
<doc>Closes the current browser.</doc>
<status status="PASS" starttime="20221124 12:50:06.179" endtime="20221124 12:50:08.350"/>
</kw>
<status status="PASS" starttime="20221124 12:50:06.178" endtime="20221124 12:50:08.350"/>
</kw>
<doc>Casos de teste para validar a busca de lojas</doc>
<status status="FAIL" starttime="20221124 12:49:56.742" endtime="20221124 12:50:08.350"/>
</suite>
<suite id="s1-s2" name="Carrinho" source="C:\Users\A1940408\OneDrive - C&amp;A Modas Ltda\Documentos\AutomationWebRobotMagazineLuiza\tests\carrinho.robot">
<kw name="Nova sessão" library="kws_hooks" type="SETUP">
<kw name="Open Browser" library="SeleniumLibrary">
<arg>url=${URL}</arg>
<arg>browser=${BROWSER}</arg>
<arg>options=${CHROME_OPTIONS}</arg>
<doc>Opens a new browser instance to the optional ``url``.</doc>
<msg timestamp="20221124 12:50:08.361" level="INFO">Opening browser 'chrome' to base url 'https://www.magazineluiza.com.br'.</msg>
<status status="PASS" starttime="20221124 12:50:08.361" endtime="20221124 12:50:12.336"/>
</kw>
<status status="PASS" starttime="20221124 12:50:08.361" endtime="20221124 12:50:12.336"/>
</kw>
<test id="s1-s2-t1" name="Caso de Teste 01: Validar a adição de produto na sacola" line="10">
<kw name="Acesso o site da magazineluiza" library="kws_carrinho">
<doc>Responsavél por acessar o site da americanas</doc>
<kw name="Wait Until Element Is Visible" library="SeleniumLibrary">
<arg>${CampoDeBusca}</arg>
<doc>Waits until the element ``locator`` is visible.</doc>
<status status="PASS" starttime="20221124 12:50:12.338" endtime="20221124 12:50:12.445"/>
</kw>
<status status="PASS" starttime="20221124 12:50:12.338" endtime="20221124 12:50:12.445"/>
</kw>
<kw name="E Clico no campo de busca" library="gherkin_ptbr" sourcename="E ${keyword}">
<kw name="Run Keyword" library="BuiltIn">
<arg>${keyword}</arg>
<doc>Executes the given keyword with the given arguments.</doc>
<kw name="Clico no campo de busca" library="kws_carrinho">
<doc>Responsavél por clicar no campo busca</doc>
<kw name="Click Element" library="SeleniumLibrary">
<arg>${CampoDeBusca}</arg>
<doc>Click the element identified by ``locator``.</doc>
<msg timestamp="20221124 12:50:12.450" level="INFO">Clicking element 'id=input-search'.</msg>
<status status="PASS" starttime="20221124 12:50:12.449" endtime="20221124 12:50:12.623"/>
</kw>
<status status="PASS" starttime="20221124 12:50:12.449" endtime="20221124 12:50:12.623"/>
</kw>
<status status="PASS" starttime="20221124 12:50:12.446" endtime="20221124 12:50:12.623"/>
</kw>
<status status="PASS" starttime="20221124 12:50:12.446" endtime="20221124 12:50:12.623"/>
</kw>
<kw name="E Insiro o nome do produto" library="gherkin_ptbr" sourcename="E ${keyword}">
<kw name="Run Keyword" library="BuiltIn">
<arg>${keyword}</arg>
<doc>Executes the given keyword with the given arguments.</doc>
<kw name="Insiro o nome do produto" library="kws_carrinho">
<doc>Responsavél por inserir o nome do produto no campo de busca</doc>
<kw name="Input Text" library="SeleniumLibrary">
<arg>${CampoDeBusca}</arg>
<arg>${Produto1}</arg>
<doc>Types the given ``text`` into the text field identified by ``locator``.</doc>
<msg timestamp="20221124 12:50:12.632" level="INFO">Typing text 'Microondas' into text field 'id=input-search'.</msg>
<status status="PASS" starttime="20221124 12:50:12.631" endtime="20221124 12:50:13.502"/>
</kw>
<status status="PASS" starttime="20221124 12:50:12.630" endtime="20221124 12:50:13.502"/>
</kw>
<status status="PASS" starttime="20221124 12:50:12.627" endtime="20221124 12:50:13.502"/>
</kw>
<status status="PASS" starttime="20221124 12:50:12.625" endtime="20221124 12:50:13.502"/>
</kw>
<kw name="E Clico na lupa de pesquisa" library="gherkin_ptbr" sourcename="E ${keyword}">
<kw name="Run Keyword" library="BuiltIn">
<arg>${keyword}</arg>
<doc>Executes the given keyword with the given arguments.</doc>
<kw name="Clico na lupa de pesquisa" library="kws_carrinho">
<doc>Responsavél por clicar na lupa de pesquisa</doc>
<kw name="Wait Until Element Is Visible" library="SeleniumLibrary">
<arg>${IconeDeLupa}</arg>
<doc>Waits until the element ``locator`` is visible.</doc>
<status status="PASS" starttime="20221124 12:50:13.507" endtime="20221124 12:50:13.977"/>
</kw>
<kw name="Click Element" library="SeleniumLibrary">
<arg>${IconeDeLupa}</arg>
<doc>Click the element identified by ``locator``.</doc>
<msg timestamp="20221124 12:50:13.978" level="INFO">Clicking element 'css=.dQJKma'.</msg>
<status status="PASS" starttime="20221124 12:50:13.977" endtime="20221124 12:50:14.170"/>
</kw>
<status status="PASS" starttime="20221124 12:50:13.506" endtime="20221124 12:50:14.171"/>
</kw>
<status status="PASS" starttime="20221124 12:50:13.503" endtime="20221124 12:50:14.171"/>
</kw>
<status status="PASS" starttime="20221124 12:50:13.502" endtime="20221124 12:50:14.171"/>
</kw>
<kw name="E Escolho o produto selecionado" library="gherkin_ptbr" sourcename="E ${keyword}">
<kw name="Run Keyword" library="BuiltIn">
<arg>${keyword}</arg>
<doc>Executes the given keyword with the given arguments.</doc>
<kw name="Escolho o produto selecionado" library="kws_carrinho">
<doc>Responsavél por clicar no produto desejado</doc>
<kw name="Wait Until Element Is Visible" library="SeleniumLibrary">
<arg>${Produto}</arg>
<doc>Waits until the element ``locator`` is visible.</doc>
<kw name="Capture Page Screenshot" library="SeleniumLibrary">
<doc>Takes a screenshot of the current page and embeds it into a log file.</doc>
<msg timestamp="20221124 12:50:19.456" level="INFO" html="true">&lt;/td&gt;&lt;/tr&gt;&lt;tr&gt;&lt;td colspan="3"&gt;&lt;a href="selenium-screenshot-31.png"&gt;&lt;img src="selenium-screenshot-31.png" width="800px"&gt;&lt;/a&gt;</msg>
<status status="PASS" starttime="20221124 12:50:19.302" endtime="20221124 12:50:19.456"/>
</kw>
<msg timestamp="20221124 12:50:19.456" level="FAIL">Element 'xpath=//div[3]/img' not visible after 5 seconds.</msg>
<status status="FAIL" starttime="20221124 12:50:14.178" endtime="20221124 12:50:19.459"/>
</kw>
<kw name="Click Element" library="SeleniumLibrary">
<arg>${Produto}</arg>
<doc>Click the element identified by ``locator``.</doc>
<status status="NOT RUN" starttime="20221124 12:50:19.460" endtime="20221124 12:50:19.460"/>
</kw>
<status status="FAIL" starttime="20221124 12:50:14.177" endtime="20221124 12:50:19.460"/>
</kw>
<status status="FAIL" starttime="20221124 12:50:14.173" endtime="20221124 12:50:19.460"/>
</kw>
<status status="FAIL" starttime="20221124 12:50:14.172" endtime="20221124 12:50:19.460"/>
</kw>
<kw name="E Escolho a voltagem do produto" library="gherkin_ptbr" sourcename="E ${keyword}">
<status status="NOT RUN" starttime="20221124 12:50:19.461" endtime="20221124 12:50:19.462"/>
</kw>
<kw name="Quando Clico em adicionar a sacola" library="gherkin_ptbr" sourcename="Quando ${keyword}">
<status status="NOT RUN" starttime="20221124 12:50:19.462" endtime="20221124 12:50:19.462"/>
</kw>
<kw name="Então Visualizo a pagina de adição de garantia" library="gherkin_ptbr" sourcename="Então ${keyword}">
<status status="NOT RUN" starttime="20221124 12:50:19.463" endtime="20221124 12:50:19.463"/>
</kw>
<tag>Pagina Inicial</tag>
<status status="FAIL" starttime="20221124 12:50:12.336" endtime="20221124 12:50:19.463">Element 'xpath=//div[3]/img' not visible after 5 seconds.</status>
</test>
<kw name="Fechar sessão" library="kws_hooks" type="TEARDOWN">
<kw name="Close Browser" library="SeleniumLibrary">
<doc>Closes the current browser.</doc>
<status status="PASS" starttime="20221124 12:50:19.465" endtime="20221124 12:50:21.636"/>
</kw>
<status status="PASS" starttime="20221124 12:50:19.464" endtime="20221124 12:50:21.637"/>
</kw>
<doc>Casos de teste para validar a página inicial</doc>
<status status="FAIL" starttime="20221124 12:50:08.352" endtime="20221124 12:50:21.637"/>
</suite>
<status status="FAIL" starttime="20221124 12:49:56.722" endtime="20221124 12:50:21.640"/>
</suite>
<statistics>
<total>
<stat pass="0" fail="2" skip="0">All Tests</stat>
</total>
<tag>
<stat pass="0" fail="2" skip="0">Pagina Inicial</stat>
</tag>
<suite>
<stat pass="0" fail="2" skip="0" id="s1" name="Tests">Tests</stat>
<stat pass="0" fail="1" skip="0" id="s1-s1" name="Buscadelojas">Tests.Buscadelojas</stat>
<stat pass="0" fail="1" skip="0" id="s1-s2" name="Carrinho">Tests.Carrinho</stat>
</suite>
</statistics>
<errors>
</errors>
</robot>
